mode: count
github.com/openconfig/ygot/ygen/codegen.go:135.66,140.14 2 67
github.com/openconfig/ygot/ygen/codegen.go:144.2,144.11 1 67
github.com/openconfig/ygot/ygen/codegen.go:140.14,142.3 1 67
github.com/openconfig/ygot/ygen/codegen.go:238.58,240.2 1 25
github.com/openconfig/ygot/ygen/codegen.go:246.55,251.35 3 0
github.com/openconfig/ygot/ygen/codegen.go:254.2,254.21 1 0
github.com/openconfig/ygot/ygen/codegen.go:251.35,253.3 1 0
github.com/openconfig/ygot/ygen/codegen.go:290.123,295.17 2 17
github.com/openconfig/ygot/ygen/codegen.go:300.2,303.17 3 17
github.com/openconfig/ygot/ygen/codegen.go:307.2,308.17 2 17
github.com/openconfig/ygot/ygen/codegen.go:318.2,320.37 3 17
github.com/openconfig/ygot/ygen/codegen.go:324.2,328.48 4 17
github.com/openconfig/ygot/ygen/codegen.go:341.2,342.17 2 17
github.com/openconfig/ygot/ygen/codegen.go:352.2,354.33 3 17
github.com/openconfig/ygot/ygen/codegen.go:358.2,368.44 4 17
github.com/openconfig/ygot/ygen/codegen.go:381.2,382.16 2 17
github.com/openconfig/ygot/ygen/codegen.go:386.2,388.34 3 17
github.com/openconfig/ygot/ygen/codegen.go:402.2,402.33 1 17
github.com/openconfig/ygot/ygen/codegen.go:406.2,413.8 1 17
github.com/openconfig/ygot/ygen/codegen.go:295.17,297.3 1 0
github.com/openconfig/ygot/ygen/codegen.go:303.17,305.3 1 0
github.com/openconfig/ygot/ygen/codegen.go:308.17,310.3 1 0
github.com/openconfig/ygot/ygen/codegen.go:320.37,323.3 2 67
github.com/openconfig/ygot/ygen/codegen.go:328.48,330.18 2 67
github.com/openconfig/ygot/ygen/codegen.go:335.3,338.74 4 67
github.com/openconfig/ygot/ygen/codegen.go:330.18,332.12 2 0
github.com/openconfig/ygot/ygen/codegen.go:342.17,345.3 2 0
github.com/openconfig/ygot/ygen/codegen.go:354.33,357.3 2 20
github.com/openconfig/ygot/ygen/codegen.go:368.44,370.17 2 20
github.com/openconfig/ygot/ygen/codegen.go:374.3,375.51 2 20
github.com/openconfig/ygot/ygen/codegen.go:370.17,372.12 2 0
github.com/openconfig/ygot/ygen/codegen.go:382.16,384.3 1 0
github.com/openconfig/ygot/ygen/codegen.go:388.34,390.152 2 5
github.com/openconfig/ygot/ygen/codegen.go:394.3,394.23 1 5
github.com/openconfig/ygot/ygen/codegen.go:390.152,392.4 1 0
github.com/openconfig/ygot/ygen/codegen.go:394.23,395.97 1 5
github.com/openconfig/ygot/ygen/codegen.go:395.97,397.5 1 0
github.com/openconfig/ygot/ygen/codegen.go:402.33,404.3 1 0
github.com/openconfig/ygot/ygen/codegen.go:421.123,424.17 2 8
github.com/openconfig/ygot/ygen/codegen.go:428.2,431.17 3 8
github.com/openconfig/ygot/ygen/codegen.go:434.2,435.17 2 8
github.com/openconfig/ygot/ygen/codegen.go:439.2,441.17 2 8
github.com/openconfig/ygot/ygen/codegen.go:445.2,459.30 6 8
github.com/openconfig/ygot/ygen/codegen.go:464.2,467.27 3 8
github.com/openconfig/ygot/ygen/codegen.go:470.2,471.27 2 8
github.com/openconfig/ygot/ygen/codegen.go:474.2,475.24 2 8
github.com/openconfig/ygot/ygen/codegen.go:478.2,479.20 2 8
github.com/openconfig/ygot/ygen/codegen.go:484.2,484.25 1 8
github.com/openconfig/ygot/ygen/codegen.go:495.2,495.29 1 8
github.com/openconfig/ygot/ygen/codegen.go:536.2,536.40 1 8
github.com/openconfig/ygot/ygen/codegen.go:554.2,554.22 1 8
github.com/openconfig/ygot/ygen/codegen.go:558.2,558.22 1 8
github.com/openconfig/ygot/ygen/codegen.go:424.17,426.3 1 0
github.com/openconfig/ygot/ygen/codegen.go:431.17,433.3 1 0
github.com/openconfig/ygot/ygen/codegen.go:435.17,437.3 1 0
github.com/openconfig/ygot/ygen/codegen.go:441.17,443.3 1 0
github.com/openconfig/ygot/ygen/codegen.go:459.30,463.3 3 38
github.com/openconfig/ygot/ygen/codegen.go:467.27,469.3 1 8
github.com/openconfig/ygot/ygen/codegen.go:471.27,473.3 1 8
github.com/openconfig/ygot/ygen/codegen.go:475.24,477.3 1 8
github.com/openconfig/ygot/ygen/codegen.go:479.20,481.3 1 8
github.com/openconfig/ygot/ygen/codegen.go:484.25,493.3 3 2
github.com/openconfig/ygot/ygen/codegen.go:495.29,506.18 3 38
github.com/openconfig/ygot/ygen/codegen.go:510.3,510.31 1 38
github.com/openconfig/ygot/ygen/codegen.go:516.3,516.51 1 38
github.com/openconfig/ygot/ygen/codegen.go:519.3,525.10 3 38
github.com/openconfig/ygot/ygen/codegen.go:532.3,533.45 2 38
github.com/openconfig/ygot/ygen/codegen.go:506.18,508.12 2 0
github.com/openconfig/ygot/ygen/codegen.go:510.31,512.4 1 2
github.com/openconfig/ygot/ygen/codegen.go:512.4,514.4 1 36
github.com/openconfig/ygot/ygen/codegen.go:516.51,518.4 1 25
github.com/openconfig/ygot/ygen/codegen.go:525.10,531.4 2 25
github.com/openconfig/ygot/ygen/codegen.go:536.40,547.17 2 27
github.com/openconfig/ygot/ygen/codegen.go:550.3,551.29 2 27
github.com/openconfig/ygot/ygen/codegen.go:547.17,549.4 1 0
github.com/openconfig/ygot/ygen/codegen.go:554.22,556.3 1 0
github.com/openconfig/ygot/ygen/codegen.go:566.102,570.36 1 25
github.com/openconfig/ygot/ygen/codegen.go:577.2,583.33 4 25
github.com/openconfig/ygot/ygen/codegen.go:589.2,589.23 1 25
github.com/openconfig/ygot/ygen/codegen.go:593.2,593.46 1 25
github.com/openconfig/ygot/ygen/codegen.go:598.2,600.38 3 25
github.com/openconfig/ygot/ygen/codegen.go:609.2,610.35 2 25
github.com/openconfig/ygot/ygen/codegen.go:613.2,613.21 1 25
github.com/openconfig/ygot/ygen/codegen.go:570.36,572.3 1 0
github.com/openconfig/ygot/ygen/codegen.go:583.33,584.46 1 26
github.com/openconfig/ygot/ygen/codegen.go:584.46,586.4 1 0
github.com/openconfig/ygot/ygen/codegen.go:589.23,591.3 1 0
github.com/openconfig/ygot/ygen/codegen.go:593.46,595.3 1 0
github.com/openconfig/ygot/ygen/codegen.go:600.38,601.26 1 30
github.com/openconfig/ygot/ygen/codegen.go:601.26,604.4 2 30
github.com/openconfig/ygot/ygen/codegen.go:610.35,612.3 1 30
github.com/openconfig/ygot/ygen/codegen.go:642.112,644.17 2 25
github.com/openconfig/ygot/ygen/codegen.go:650.2,653.33 4 25
github.com/openconfig/ygot/ygen/codegen.go:666.2,666.17 1 25
github.com/openconfig/ygot/ygen/codegen.go:671.2,672.16 2 25
github.com/openconfig/ygot/ygen/codegen.go:678.2,678.26 1 25
github.com/openconfig/ygot/ygen/codegen.go:684.2,688.8 1 25
github.com/openconfig/ygot/ygen/codegen.go:644.17,646.3 1 0
github.com/openconfig/ygot/ygen/codegen.go:653.33,655.20 2 30
github.com/openconfig/ygot/ygen/codegen.go:660.3,660.24 1 30
github.com/openconfig/ygot/ygen/codegen.go:655.20,657.12 2 0
github.com/openconfig/ygot/ygen/codegen.go:660.24,661.33 1 30
github.com/openconfig/ygot/ygen/codegen.go:661.33,663.5 1 40
github.com/openconfig/ygot/ygen/codegen.go:666.17,668.3 1 0
github.com/openconfig/ygot/ygen/codegen.go:672.16,674.3 1 0
github.com/openconfig/ygot/ygen/codegen.go:678.26,679.96 1 8
github.com/openconfig/ygot/ygen/codegen.go:679.96,681.4 1 0
github.com/openconfig/ygot/ygen/codegen.go:695.46,696.19 1 209
github.com/openconfig/ygot/ygen/codegen.go:706.2,707.9 2 205
github.com/openconfig/ygot/ygen/codegen.go:720.2,720.18 1 205
github.com/openconfig/ygot/ygen/codegen.go:723.2,723.12 1 143
github.com/openconfig/ygot/ygen/codegen.go:696.19,704.3 2 4
github.com/openconfig/ygot/ygen/codegen.go:708.26,713.32 1 42
github.com/openconfig/ygot/ygen/codegen.go:714.27,717.62 1 35
github.com/openconfig/ygot/ygen/codegen.go:720.18,722.3 1 62
github.com/openconfig/ygot/ygen/codegen.go:733.146,735.39 2 246
github.com/openconfig/ygot/ygen/codegen.go:743.2,743.35 1 246
github.com/openconfig/ygot/ygen/codegen.go:749.2,749.33 1 244
github.com/openconfig/ygot/ygen/codegen.go:735.39,739.3 1 0
github.com/openconfig/ygot/ygen/codegen.go:743.35,744.17 1 2
github.com/openconfig/ygot/ygen/codegen.go:744.17,746.4 1 2
github.com/openconfig/ygot/ygen/codegen.go:749.33,750.10 1 400
github.com/openconfig/ygot/ygen/codegen.go:751.37,755.39 1 200
github.com/openconfig/ygot/ygen/codegen.go:758.43,762.72 1 48
github.com/openconfig/ygot/ygen/codegen.go:763.70,767.72 1 12
github.com/openconfig/ygot/ygen/codegen.go:768.27,774.34 3 11
github.com/openconfig/ygot/ygen/codegen.go:790.38,793.72 2 110
github.com/openconfig/ygot/ygen/codegen.go:794.11,795.90 1 19
github.com/openconfig/ygot/ygen/codegen.go:755.39,757.5 1 58
github.com/openconfig/ygot/ygen/codegen.go:774.34,778.41 1 21
github.com/openconfig/ygot/ygen/codegen.go:785.5,785.42 1 12
github.com/openconfig/ygot/ygen/codegen.go:788.5,788.74 1 12
github.com/openconfig/ygot/ygen/codegen.go:778.41,779.42 1 9
github.com/openconfig/ygot/ygen/codegen.go:782.6,782.14 1 9
github.com/openconfig/ygot/ygen/codegen.go:779.42,781.7 1 4
github.com/openconfig/ygot/ygen/codegen.go:785.42,787.6 1 4
github.com/openconfig/ygot/ygen/codegen.go:802.97,804.28 2 15
github.com/openconfig/ygot/ygen/codegen.go:829.2,829.20 1 15
github.com/openconfig/ygot/ygen/codegen.go:804.28,806.18 2 46
github.com/openconfig/ygot/ygen/codegen.go:807.10,814.37 1 18
github.com/openconfig/ygot/ygen/codegen.go:817.10,824.35 1 11
github.com/openconfig/ygot/ygen/codegen.go:814.37,816.5 1 18
github.com/openconfig/ygot/ygen/codegen.go:824.35,826.5 1 1
github.com/openconfig/ygot/ygen/codegen.go:843.121,844.20 1 12
github.com/openconfig/ygot/ygen/codegen.go:848.2,859.60 2 12
github.com/openconfig/ygot/ygen/codegen.go:866.2,866.30 1 12
github.com/openconfig/ygot/ygen/codegen.go:874.2,875.12 2 12
github.com/openconfig/ygot/ygen/codegen.go:844.20,846.3 1 6
github.com/openconfig/ygot/ygen/codegen.go:859.60,860.40 1 16
github.com/openconfig/ygot/ygen/codegen.go:863.3,863.27 1 16
github.com/openconfig/ygot/ygen/codegen.go:860.40,862.4 1 0
github.com/openconfig/ygot/ygen/codegen.go:866.30,867.35 1 17
github.com/openconfig/ygot/ygen/codegen.go:867.35,869.4 1 3
github.com/openconfig/ygot/ygen/codegen.go:890.148,892.28 2 7
github.com/openconfig/ygot/ygen/codegen.go:903.2,904.22 2 7
github.com/openconfig/ygot/ygen/codegen.go:916.2,917.16 2 7
github.com/openconfig/ygot/ygen/codegen.go:920.2,920.18 1 7
github.com/openconfig/ygot/ygen/codegen.go:892.28,898.19 3 23
github.com/openconfig/ygot/ygen/codegen.go:898.19,900.4 1 4
github.com/openconfig/ygot/ygen/codegen.go:904.22,906.25 2 4
github.com/openconfig/ygot/ygen/codegen.go:909.3,909.37 1 4
github.com/openconfig/ygot/ygen/codegen.go:906.25,908.4 1 1
github.com/openconfig/ygot/ygen/codegen.go:909.37,911.4 1 4
github.com/openconfig/ygot/ygen/codegen.go:912.3,914.3 1 3
github.com/openconfig/ygot/ygen/codegen.go:917.16,919.3 1 0
github.com/openconfig/ygot/ygen/gogen.go:583.26,585.4 1 49
github.com/openconfig/ygot/ygen/gogen.go:586.50,588.4 1 0
github.com/openconfig/ygot/ygen/gogen.go:595.56,597.2 1 13
github.com/openconfig/ygot/ygen/gogen.go:608.91,611.22 1 17
github.com/openconfig/ygot/ygen/gogen.go:615.2,615.27 1 17
github.com/openconfig/ygot/ygen/gogen.go:619.2,619.40 1 17
github.com/openconfig/ygot/ygen/gogen.go:622.2,622.42 1 17
github.com/openconfig/ygot/ygen/gogen.go:625.2,625.42 1 17
github.com/openconfig/ygot/ygen/gogen.go:631.2,650.63 3 17
github.com/openconfig/ygot/ygen/gogen.go:653.2,653.26 1 17
github.com/openconfig/ygot/ygen/gogen.go:611.22,613.3 1 0
github.com/openconfig/ygot/ygen/gogen.go:615.27,617.3 1 17
github.com/openconfig/ygot/ygen/gogen.go:619.40,621.3 1 16
github.com/openconfig/ygot/ygen/gogen.go:622.42,624.3 1 16
github.com/openconfig/ygot/ygen/gogen.go:625.42,627.3 1 16
github.com/openconfig/ygot/ygen/gogen.go:650.63,652.3 1 0
github.com/openconfig/ygot/ygen/gogen.go:665.183,688.38 6 83
github.com/openconfig/ygot/ygen/gogen.go:691.2,701.35 4 83
github.com/openconfig/ygot/ygen/gogen.go:871.2,872.77 2 83
github.com/openconfig/ygot/ygen/gogen.go:878.2,879.51 2 83
github.com/openconfig/ygot/ygen/gogen.go:887.2,888.47 2 83
github.com/openconfig/ygot/ygen/gogen.go:896.2,897.33 2 83
github.com/openconfig/ygot/ygen/gogen.go:903.2,903.24 1 83
github.com/openconfig/ygot/ygen/gogen.go:909.2,914.9 1 83
github.com/openconfig/ygot/ygen/gogen.go:688.38,690.3 1 140
github.com/openconfig/ygot/ygen/gogen.go:701.35,714.10 4 140
github.com/openconfig/ygot/ygen/gogen.go:833.3,834.17 2 138
github.com/openconfig/ygot/ygen/gogen.go:838.3,840.36 3 138
github.com/openconfig/ygot/ygen/gogen.go:846.3,849.30 2 138
github.com/openconfig/ygot/ygen/gogen.go:854.3,855.17 2 138
github.com/openconfig/ygot/ygen/gogen.go:863.3,866.56 2 138
github.com/openconfig/ygot/ygen/gogen.go:715.23,720.22 2 22
github.com/openconfig/ygot/ygen/gogen.go:724.4,729.26 2 22
github.com/openconfig/ygot/ygen/gogen.go:733.4,733.30 1 22
github.com/openconfig/ygot/ygen/gogen.go:739.28,744.11 2 36
github.com/openconfig/ygot/ygen/gogen.go:749.4,752.5 1 34
github.com/openconfig/ygot/ygen/gogen.go:753.45,757.18 2 82
github.com/openconfig/ygot/ygen/gogen.go:765.4,768.33 3 82
github.com/openconfig/ygot/ygen/gogen.go:803.4,803.11 1 82
github.com/openconfig/ygot/ygen/gogen.go:820.4,824.5 1 82
github.com/openconfig/ygot/ygen/gogen.go:825.11,827.12 2 0
github.com/openconfig/ygot/ygen/gogen.go:720.22,722.5 1 2
github.com/openconfig/ygot/ygen/gogen.go:729.26,731.5 1 18
github.com/openconfig/ygot/ygen/gogen.go:733.30,737.5 1 4
github.com/openconfig/ygot/ygen/gogen.go:744.11,746.13 2 2
github.com/openconfig/ygot/ygen/gogen.go:757.18,759.13 2 0
github.com/openconfig/ygot/ygen/gogen.go:768.33,774.62 2 11
github.com/openconfig/ygot/ygen/gogen.go:774.62,786.38 2 10
github.com/openconfig/ygot/ygen/gogen.go:797.6,799.52 3 10
github.com/openconfig/ygot/ygen/gogen.go:786.38,790.29 2 21
github.com/openconfig/ygot/ygen/gogen.go:793.7,794.49 2 21
github.com/openconfig/ygot/ygen/gogen.go:790.29,792.8 1 1
github.com/openconfig/ygot/ygen/gogen.go:804.31,809.24 2 6
github.com/openconfig/ygot/ygen/gogen.go:810.106,817.24 1 17
github.com/openconfig/ygot/ygen/gogen.go:834.17,836.12 2 0
github.com/openconfig/ygot/ygen/gogen.go:840.36,842.34 2 149
github.com/openconfig/ygot/ygen/gogen.go:842.34,844.5 1 11
github.com/openconfig/ygot/ygen/gogen.go:849.30,851.4 1 13
github.com/openconfig/ygot/ygen/gogen.go:855.17,859.4 1 16
github.com/openconfig/ygot/ygen/gogen.go:859.4,861.4 1 122
github.com/openconfig/ygot/ygen/gogen.go:872.77,874.3 1 0
github.com/openconfig/ygot/ygen/gogen.go:879.51,880.78 1 4
github.com/openconfig/ygot/ygen/gogen.go:880.78,882.4 1 0
github.com/openconfig/ygot/ygen/gogen.go:888.47,889.81 1 18
github.com/openconfig/ygot/ygen/gogen.go:889.81,891.4 1 0
github.com/openconfig/ygot/ygen/gogen.go:897.33,898.79 1 10
github.com/openconfig/ygot/ygen/gogen.go:898.79,900.4 1 0
github.com/openconfig/ygot/ygen/gogen.go:903.24,904.66 1 36
github.com/openconfig/ygot/ygen/gogen.go:904.66,906.4 1 0
github.com/openconfig/ygot/ygen/gogen.go:933.78,934.79 1 36
github.com/openconfig/ygot/ygen/gogen.go:939.2,939.12 1 36
github.com/openconfig/ygot/ygen/gogen.go:934.79,937.3 2 0
github.com/openconfig/ygot/ygen/gogen.go:957.229,962.9 2 22
github.com/openconfig/ygot/ygen/gogen.go:971.2,972.9 2 20
github.com/openconfig/ygot/ygen/gogen.go:976.2,976.66 1 20
github.com/openconfig/ygot/ygen/gogen.go:982.2,992.38 7 18
github.com/openconfig/ygot/ygen/gogen.go:1006.2,1006.9 1 18
github.com/openconfig/ygot/ygen/gogen.go:1030.2,1038.52 2 18
github.com/openconfig/ygot/ygen/gogen.go:962.9,964.3 1 2
github.com/openconfig/ygot/ygen/gogen.go:972.9,974.3 1 0
github.com/openconfig/ygot/ygen/gogen.go:976.66,980.3 1 2
github.com/openconfig/ygot/ygen/gogen.go:992.38,1000.110 2 22
github.com/openconfig/ygot/ygen/gogen.go:1003.3,1003.40 1 22
github.com/openconfig/ygot/ygen/gogen.go:1000.110,1002.4 1 19
github.com/openconfig/ygot/ygen/gogen.go:1007.40,1012.67 1 14
github.com/openconfig/ygot/ygen/gogen.go:1013.10,1025.68 3 4
github.com/openconfig/ygot/ygen/gogen.go:1047.66,1062.9 3 23
github.com/openconfig/ygot/ygen/gogen.go:1096.2,1107.8 4 23
github.com/openconfig/ygot/ygen/gogen.go:1063.48,1070.62 3 9
github.com/openconfig/ygot/ygen/gogen.go:1074.3,1076.30 2 9
github.com/openconfig/ygot/ygen/gogen.go:1085.10,1089.62 1 14
github.com/openconfig/ygot/ygen/gogen.go:1070.62,1073.4 2 13
github.com/openconfig/ygot/ygen/gogen.go:1076.30,1084.4 2 13
github.com/openconfig/ygot/ygen/gogen.go:1089.62,1092.4 2 44
github.com/openconfig/ygot/ygen/gogen.go:1121.118,1125.9 3 150
github.com/openconfig/ygot/ygen/gogen.go:1187.2,1189.48 2 148
github.com/openconfig/ygot/ygen/gogen.go:1195.2,1195.45 1 18
github.com/openconfig/ygot/ygen/gogen.go:1212.2,1212.22 1 18
github.com/openconfig/ygot/ygen/gogen.go:1126.25,1133.30 2 13
github.com/openconfig/ygot/ygen/gogen.go:1142.21,1143.58 1 7
github.com/openconfig/ygot/ygen/gogen.go:1144.10,1149.10 2 130
github.com/openconfig/ygot/ygen/gogen.go:1174.3,1174.21 1 129
github.com/openconfig/ygot/ygen/gogen.go:1134.10,1136.28 2 12
github.com/openconfig/ygot/ygen/gogen.go:1139.11,1140.34 1 1
github.com/openconfig/ygot/ygen/gogen.go:1136.28,1138.5 1 2
github.com/openconfig/ygot/ygen/gogen.go:1150.29,1154.81 1 1
github.com/openconfig/ygot/ygen/gogen.go:1155.29,1167.52 1 53
github.com/openconfig/ygot/ygen/gogen.go:1167.52,1169.5 1 1
github.com/openconfig/ygot/ygen/gogen.go:1169.5,1171.5 1 52
github.com/openconfig/ygot/ygen/gogen.go:1174.21,1180.45 1 129
github.com/openconfig/ygot/ygen/gogen.go:1184.4,1184.72 1 128
github.com/openconfig/ygot/ygen/gogen.go:1180.45,1182.5 1 1
github.com/openconfig/ygot/ygen/gogen.go:1189.48,1191.3 1 130
github.com/openconfig/ygot/ygen/gogen.go:1195.45,1203.128 1 20
github.com/openconfig/ygot/ygen/gogen.go:1203.128,1209.9 3 12
github.com/openconfig/ygot/ygen/gogen.go:1220.91,1221.26 1 19
github.com/openconfig/ygot/ygen/gogen.go:1225.2,1226.73 2 12
github.com/openconfig/ygot/ygen/gogen.go:1229.2,1229.26 1 12
github.com/openconfig/ygot/ygen/gogen.go:1221.26,1223.3 1 7
github.com/openconfig/ygot/ygen/gogen.go:1226.73,1228.3 1 0
github.com/openconfig/ygot/ygen/gogen.go:1235.69,1237.16 2 5
github.com/openconfig/ygot/ygen/gogen.go:1241.2,1242.25 2 5
github.com/openconfig/ygot/ygen/gogen.go:1246.2,1255.67 3 5
github.com/openconfig/ygot/ygen/gogen.go:1259.2,1259.26 1 5
github.com/openconfig/ygot/ygen/gogen.go:1237.16,1239.3 1 0
github.com/openconfig/ygot/ygen/gogen.go:1242.25,1244.3 1 1
github.com/openconfig/ygot/ygen/gogen.go:1255.67,1257.3 1 0
github.com/openconfig/ygot/ygen/schematree.go:31.66,33.28 2 45
github.com/openconfig/ygot/ygen/schematree.go:55.2,55.15 1 45
github.com/openconfig/ygot/ygen/schematree.go:33.28,40.19 2 60
github.com/openconfig/ygot/ygen/schematree.go:44.3,44.17 1 46
github.com/openconfig/ygot/ygen/schematree.go:51.3,51.53 1 45
github.com/openconfig/ygot/ygen/schematree.go:40.19,41.12 1 14
github.com/openconfig/ygot/ygen/schematree.go:44.17,45.52 1 1
github.com/openconfig/ygot/ygen/schematree.go:48.4,48.12 1 1
github.com/openconfig/ygot/ygen/schematree.go:45.52,47.5 1 0
github.com/openconfig/ygot/ygen/schematree.go:51.53,53.4 1 0
github.com/openconfig/ygot/ygen/schematree.go:60.64,61.33 1 172
github.com/openconfig/ygot/ygen/schematree.go:74.2,74.12 1 172
github.com/openconfig/ygot/ygen/schematree.go:61.33,64.18 2 324
github.com/openconfig/ygot/ygen/schematree.go:70.3,70.54 1 127
github.com/openconfig/ygot/ygen/schematree.go:64.18,65.48 1 197
github.com/openconfig/ygot/ygen/schematree.go:68.4,68.12 1 197
github.com/openconfig/ygot/ygen/schematree.go:65.48,67.5 1 0
github.com/openconfig/ygot/ygen/schematree.go:70.54,72.4 1 0
github.com/openconfig/ygot/ygen/schematree.go:82.44,88.25 4 34
github.com/openconfig/ygot/ygen/schematree.go:109.2,109.20 1 34
github.com/openconfig/ygot/ygen/schematree.go:112.2,112.14 1 34
github.com/openconfig/ygot/ygen/schematree.go:88.25,89.12 1 601
github.com/openconfig/ygot/ygen/schematree.go:104.3,104.13 1 518
github.com/openconfig/ygot/ygen/schematree.go:90.12,91.14 1 84
github.com/openconfig/ygot/ygen/schematree.go:96.12,98.12 2 1
github.com/openconfig/ygot/ygen/schematree.go:99.12,101.12 2 1
github.com/openconfig/ygot/ygen/schematree.go:91.14,94.13 3 81
github.com/openconfig/ygot/ygen/schematree.go:104.13,106.4 1 489
github.com/openconfig/ygot/ygen/schematree.go:109.20,111.3 1 34
github.com/openconfig/ygot/ygen/schematree.go:119.61,123.25 2 34
github.com/openconfig/ygot/ygen/schematree.go:133.2,133.24 1 34
github.com/openconfig/ygot/ygen/schematree.go:123.25,124.35 1 115
github.com/openconfig/ygot/ygen/schematree.go:131.3,131.37 1 115
github.com/openconfig/ygot/ygen/schematree.go:124.35,126.20 2 3
github.com/openconfig/ygot/ygen/schematree.go:129.4,129.13 1 3
github.com/openconfig/ygot/ygen/schematree.go:126.20,128.5 1 0
github.com/openconfig/ygot/ygen/schematree.go:141.75,145.16 3 34
github.com/openconfig/ygot/ygen/schematree.go:149.2,149.22 1 34
github.com/openconfig/ygot/ygen/schematree.go:156.2,156.19 1 29
github.com/openconfig/ygot/ygen/schematree.go:160.2,161.25 2 28
github.com/openconfig/ygot/ygen/schematree.go:165.2,167.26 3 28
github.com/openconfig/ygot/ygen/schematree.go:181.2,183.19 2 26
github.com/openconfig/ygot/ygen/schematree.go:145.16,147.3 1 0
github.com/openconfig/ygot/ygen/schematree.go:149.22,150.21 1 5
github.com/openconfig/ygot/ygen/schematree.go:153.3,153.20 1 0
github.com/openconfig/ygot/ygen/schematree.go:150.21,152.4 1 5
github.com/openconfig/ygot/ygen/schematree.go:156.19,158.3 1 1
github.com/openconfig/ygot/ygen/schematree.go:161.25,164.3 1 0
github.com/openconfig/ygot/ygen/schematree.go:167.26,170.16 1 81
github.com/openconfig/ygot/ygen/schematree.go:179.3,179.43 1 48
github.com/openconfig/ygot/ygen/schematree.go:170.16,171.28 1 33
github.com/openconfig/ygot/ygen/schematree.go:176.4,177.12 2 31
github.com/openconfig/ygot/ygen/schematree.go:171.28,175.5 1 2
github.com/openconfig/ygot/ygen/schematree.go:190.43,192.2 1 138
github.com/openconfig/ygot/ygen/schemaparse.go:25.54,28.16 3 9
github.com/openconfig/ygot/ygen/schemaparse.go:32.2,32.40 1 9
github.com/openconfig/ygot/ygen/schemaparse.go:35.2,38.25 3 9
github.com/openconfig/ygot/ygen/schemaparse.go:28.16,30.3 1 0
github.com/openconfig/ygot/ygen/schemaparse.go:32.40,34.3 1 0
github.com/openconfig/ygot/ygen/schemaparse.go:46.44,49.34 3 7
github.com/openconfig/ygot/ygen/schemaparse.go:66.2,66.14 1 7
github.com/openconfig/ygot/ygen/schemaparse.go:49.34,51.17 2 298
github.com/openconfig/ygot/ygen/schemaparse.go:54.3,54.28 1 298
github.com/openconfig/ygot/ygen/schemaparse.go:62.3,63.15 2 298
github.com/openconfig/ygot/ygen/schemaparse.go:51.17,53.4 1 7
github.com/openconfig/ygot/ygen/schemaparse.go:54.28,58.34 2 4702
github.com/openconfig/ygot/ygen/schemaparse.go:58.34,60.5 1 4404
github.com/openconfig/ygot/ygen/yang_helpers.go:26.44,29.26 2 1069
github.com/openconfig/ygot/ygen/yang_helpers.go:34.2,34.16 1 1069
github.com/openconfig/ygot/ygen/yang_helpers.go:29.26,30.19 1 1757
github.com/openconfig/ygot/ygen/yang_helpers.go:30.19,32.4 1 1756
github.com/openconfig/ygot/ygen/yang_helpers.go:39.39,41.2 1 374
github.com/openconfig/ygot/ygen/yang_helpers.go:44.33,46.2 1 200
github.com/openconfig/ygot/ygen/yang_helpers.go:50.40,52.2 1 445
github.com/openconfig/ygot/ygen/yang_helpers.go:57.41,59.2 1 1827
github.com/openconfig/ygot/ygen/yang_helpers.go:63.41,65.2 1 360
github.com/openconfig/ygot/ygen/yang_helpers.go:69.40,71.2 1 406
github.com/openconfig/ygot/ygen/yang_helpers.go:74.36,76.2 1 3
github.com/openconfig/ygot/ygen/yang_helpers.go:80.53,81.9 1 212
github.com/openconfig/ygot/ygen/yang_helpers.go:98.2,98.13 1 108
github.com/openconfig/ygot/ygen/yang_helpers.go:82.50,85.15 1 22
github.com/openconfig/ygot/ygen/yang_helpers.go:86.17,88.15 1 62
github.com/openconfig/ygot/ygen/yang_helpers.go:89.24,92.15 1 16
github.com/openconfig/ygot/ygen/yang_helpers.go:93.25,96.15 1 4
github.com/openconfig/ygot/ygen/yang_helpers.go:105.38,107.26 2 62
github.com/openconfig/ygot/ygen/yang_helpers.go:113.2,113.21 1 62
github.com/openconfig/ygot/ygen/yang_helpers.go:107.26,109.24 2 321
github.com/openconfig/ygot/ygen/yang_helpers.go:109.24,111.4 1 259
github.com/openconfig/ygot/ygen/yang_helpers.go:120.66,121.9 1 77
github.com/openconfig/ygot/ygen/yang_helpers.go:122.26,123.18 1 32
github.com/openconfig/ygot/ygen/yang_helpers.go:124.17,125.28 1 45
github.com/openconfig/ygot/ygen/yang_helpers.go:125.28,127.4 1 59
github.com/openconfig/ygot/ygen/yang_helpers.go:134.36,135.35 1 42
github.com/openconfig/ygot/ygen/yang_helpers.go:138.2,138.33 1 6
github.com/openconfig/ygot/ygen/yang_helpers.go:135.35,137.3 1 36
github.com/openconfig/ygot/ygen/yang_helpers.go:144.46,147.39 3 235
github.com/openconfig/ygot/ygen/yang_helpers.go:153.2,153.58 1 235
github.com/openconfig/ygot/ygen/yang_helpers.go:157.2,157.28 1 227
github.com/openconfig/ygot/ygen/yang_helpers.go:147.39,151.3 2 2
github.com/openconfig/ygot/ygen/yang_helpers.go:153.58,155.3 1 8
github.com/openconfig/ygot/ygen/yang_helpers.go:162.59,165.38 3 335
github.com/openconfig/ygot/ygen/yang_helpers.go:170.2,174.38 2 335
github.com/openconfig/ygot/ygen/yang_helpers.go:178.2,178.11 1 335
github.com/openconfig/ygot/ygen/yang_helpers.go:165.38,166.25 1 958
github.com/openconfig/ygot/ygen/yang_helpers.go:166.25,168.4 1 943
github.com/openconfig/ygot/ygen/yang_helpers.go:174.38,177.3 2 563
github.com/openconfig/ygot/ygen/yang_helpers.go:186.35,187.38 1 6
github.com/openconfig/ygot/ygen/yang_helpers.go:198.2,198.30 1 3
github.com/openconfig/ygot/ygen/yang_helpers.go:201.2,201.13 1 1
github.com/openconfig/ygot/ygen/yang_helpers.go:187.38,188.19 1 6
github.com/openconfig/ygot/ygen/yang_helpers.go:189.20,190.15 1 1
github.com/openconfig/ygot/ygen/yang_helpers.go:191.21,192.16 1 2
github.com/openconfig/ygot/ygen/yang_helpers.go:198.30,200.3 1 2
github.com/openconfig/ygot/ygen/yang_helpers.go:205.38,207.2 1 69
github.com/openconfig/ygot/ygen/yang_helpers.go:214.53,216.2 1 124
github.com/openconfig/ygot/ygen/yang_helpers.go:220.44,222.2 1 8
github.com/openconfig/ygot/ygen/yang_helpers.go:226.46,228.28 2 438
github.com/openconfig/ygot/ygen/yang_helpers.go:234.2,234.21 1 438
github.com/openconfig/ygot/ygen/yang_helpers.go:228.28,230.23 2 1248
github.com/openconfig/ygot/ygen/yang_helpers.go:230.23,232.4 1 824
github.com/openconfig/ygot/ygen/yang_helpers.go:245.52,256.2 2 67
github.com/openconfig/ygot/ygen/yang_helpers.go:260.68,262.26 2 74
github.com/openconfig/ygot/ygen/yang_helpers.go:270.2,270.15 1 74
github.com/openconfig/ygot/ygen/yang_helpers.go:262.26,263.10 1 144
github.com/openconfig/ygot/ygen/yang_helpers.go:264.22,265.30 1 65
github.com/openconfig/ygot/ygen/yang_helpers.go:266.23,267.60 1 2
github.com/openconfig/ygot/ygen/yang_helpers.go:275.58,276.13 1 201
github.com/openconfig/ygot/ygen/yang_helpers.go:279.2,279.14 1 166
github.com/openconfig/ygot/ygen/yang_helpers.go:276.13,278.3 1 35
github.com/openconfig/ygot/ygen/yang_helpers.go:285.68,286.28 1 100
github.com/openconfig/ygot/ygen/yang_helpers.go:286.28,287.32 1 54
github.com/openconfig/ygot/ygen/yang_helpers.go:287.32,289.4 1 52
github.com/openconfig/ygot/ygen/yang_helpers.go:294.52,296.19 2 134
github.com/openconfig/ygot/ygen/yang_helpers.go:299.2,299.11 1 134
github.com/openconfig/ygot/ygen/yang_helpers.go:296.19,298.3 1 75
github.com/openconfig/ygot/ygen/yang_helpers.go:306.54,308.46 2 7
github.com/openconfig/ygot/ygen/yang_helpers.go:311.2,311.10 1 7
github.com/openconfig/ygot/ygen/yang_helpers.go:308.46,310.3 1 8
github.com/openconfig/ygot/ygen/commongen.go:23.26,28.9 2 0
github.com/openconfig/ygot/ygen/commongen.go:33.2,33.24 1 0
github.com/openconfig/ygot/ygen/commongen.go:28.9,32.3 1 0
github.com/openconfig/ygot/ygen/genstate.go:90.30,103.2 1 178
github.com/openconfig/ygot/ygen/genstate.go:112.112,115.54 2 29
github.com/openconfig/ygot/ygen/genstate.go:159.2,159.16 1 27
github.com/openconfig/ygot/ygen/genstate.go:115.54,117.10 2 30
github.com/openconfig/ygot/ygen/genstate.go:156.3,156.22 1 28
github.com/openconfig/ygot/ygen/genstate.go:118.30,129.5 1 14
github.com/openconfig/ygot/ygen/genstate.go:130.22,132.64 2 16
github.com/openconfig/ygot/ygen/genstate.go:142.4,153.5 1 14
github.com/openconfig/ygot/ygen/genstate.go:132.64,134.5 1 8
github.com/openconfig/ygot/ygen/genstate.go:134.5,137.19 3 8
github.com/openconfig/ygot/ygen/genstate.go:137.19,139.6 1 2
github.com/openconfig/ygot/ygen/genstate.go:169.172,173.28 3 41
github.com/openconfig/ygot/ygen/genstate.go:231.2,231.28 1 41
github.com/openconfig/ygot/ygen/genstate.go:173.28,174.43 1 107
github.com/openconfig/ygot/ygen/genstate.go:174.43,183.16 2 107
github.com/openconfig/ygot/ygen/genstate.go:198.4,200.23 3 107
github.com/openconfig/ygot/ygen/genstate.go:206.4,209.62 2 107
github.com/openconfig/ygot/ygen/genstate.go:217.4,217.18 1 107
github.com/openconfig/ygot/ygen/genstate.go:225.4,225.34 1 107
github.com/openconfig/ygot/ygen/genstate.go:184.18,187.49 1 38
github.com/openconfig/ygot/ygen/genstate.go:188.16,191.62 1 69
github.com/openconfig/ygot/ygen/genstate.go:192.12,194.13 2 0
github.com/openconfig/ygot/ygen/genstate.go:200.23,202.13 2 0
github.com/openconfig/ygot/ygen/genstate.go:209.62,211.5 1 8
github.com/openconfig/ygot/ygen/genstate.go:217.18,219.23 2 24
github.com/openconfig/ygot/ygen/genstate.go:223.5,223.26 1 24
github.com/openconfig/ygot/ygen/genstate.go:219.23,221.14 2 0
github.com/openconfig/ygot/ygen/genstate.go:226.4,228.4 1 0
github.com/openconfig/ygot/ygen/genstate.go:240.131,245.19 4 51
github.com/openconfig/ygot/ygen/genstate.go:291.2,296.31 3 51
github.com/openconfig/ygot/ygen/genstate.go:360.2,360.23 1 51
github.com/openconfig/ygot/ygen/genstate.go:245.19,254.32 1 26
github.com/openconfig/ygot/ygen/genstate.go:254.32,258.28 3 37
github.com/openconfig/ygot/ygen/genstate.go:264.4,264.33 1 37
github.com/openconfig/ygot/ygen/genstate.go:258.28,259.21 1 186
github.com/openconfig/ygot/ygen/genstate.go:262.5,262.33 1 186
github.com/openconfig/ygot/ygen/genstate.go:259.21,261.6 1 21
github.com/openconfig/ygot/ygen/genstate.go:264.33,270.5 2 16
github.com/openconfig/ygot/ygen/genstate.go:270.5,274.49 1 21
github.com/openconfig/ygot/ygen/genstate.go:274.49,277.6 2 11
github.com/openconfig/ygot/ygen/genstate.go:280.3,283.29 2 25
github.com/openconfig/ygot/ygen/genstate.go:283.29,285.4 1 45
github.com/openconfig/ygot/ygen/genstate.go:296.31,299.10 3 72
github.com/openconfig/ygot/ygen/genstate.go:300.65,304.18 2 29
github.com/openconfig/ygot/ygen/genstate.go:309.4,309.26 1 27
github.com/openconfig/ygot/ygen/genstate.go:314.37,319.34 1 9
github.com/openconfig/ygot/ygen/genstate.go:323.4,324.42 2 7
github.com/openconfig/ygot/ygen/genstate.go:330.37,338.40 2 24
github.com/openconfig/ygot/ygen/genstate.go:344.11,347.18 2 10
github.com/openconfig/ygot/ygen/genstate.go:351.4,351.40 1 8
github.com/openconfig/ygot/ygen/genstate.go:304.18,306.13 2 2
github.com/openconfig/ygot/ygen/genstate.go:309.26,310.40 1 28
github.com/openconfig/ygot/ygen/genstate.go:310.40,312.6 1 23
github.com/openconfig/ygot/ygen/genstate.go:319.34,321.13 2 2
github.com/openconfig/ygot/ygen/genstate.go:324.42,329.5 1 5
github.com/openconfig/ygot/ygen/genstate.go:338.40,343.5 1 17
github.com/openconfig/ygot/ygen/genstate.go:347.18,349.13 2 2
github.com/openconfig/ygot/ygen/genstate.go:351.40,356.5 1 5
github.com/openconfig/ygot/ygen/genstate.go:372.91,374.2 1 19
github.com/openconfig/ygot/ygen/genstate.go:382.97,389.63 3 43
github.com/openconfig/ygot/ygen/genstate.go:392.2,393.19 2 25
github.com/openconfig/ygot/ygen/genstate.go:400.2,402.19 3 25
github.com/openconfig/ygot/ygen/genstate.go:389.63,391.3 1 18
github.com/openconfig/ygot/ygen/genstate.go:393.19,395.3 1 5
github.com/openconfig/ygot/ygen/genstate.go:395.3,397.3 1 20
github.com/openconfig/ygot/ygen/genstate.go:411.93,429.118 3 53
github.com/openconfig/ygot/ygen/genstate.go:435.2,436.51 2 53
github.com/openconfig/ygot/ygen/genstate.go:442.2,442.72 1 53
github.com/openconfig/ygot/ygen/genstate.go:446.2,446.19 1 25
github.com/openconfig/ygot/ygen/genstate.go:463.2,464.49 2 13
github.com/openconfig/ygot/ygen/genstate.go:470.2,472.19 3 13
github.com/openconfig/ygot/ygen/genstate.go:429.118,431.3 1 114
github.com/openconfig/ygot/ygen/genstate.go:436.51,438.3 1 61
github.com/openconfig/ygot/ygen/genstate.go:442.72,444.3 1 28
github.com/openconfig/ygot/ygen/genstate.go:446.19,454.20 2 12
github.com/openconfig/ygot/ygen/genstate.go:457.3,459.20 3 12
github.com/openconfig/ygot/ygen/genstate.go:454.20,456.4 1 0
github.com/openconfig/ygot/ygen/genstate.go:464.49,465.31 1 58
github.com/openconfig/ygot/ygen/genstate.go:468.3,468.38 1 58
github.com/openconfig/ygot/ygen/genstate.go:465.31,467.4 1 24
github.com/openconfig/ygot/ygen/genstate.go:479.100,485.32 2 29
github.com/openconfig/ygot/ygen/genstate.go:503.2,510.71 3 25
github.com/openconfig/ygot/ygen/genstate.go:515.2,516.19 2 15
github.com/openconfig/ygot/ygen/genstate.go:519.2,521.24 3 15
github.com/openconfig/ygot/ygen/genstate.go:485.32,488.25 2 8
github.com/openconfig/ygot/ygen/genstate.go:489.10,491.21 1 4
github.com/openconfig/ygot/ygen/genstate.go:496.10,497.138 1 2
github.com/openconfig/ygot/ygen/genstate.go:498.11,499.161 1 2
github.com/openconfig/ygot/ygen/genstate.go:491.21,493.5 1 0
github.com/openconfig/ygot/ygen/genstate.go:493.5,495.5 1 4
github.com/openconfig/ygot/ygen/genstate.go:510.71,512.3 1 10
github.com/openconfig/ygot/ygen/genstate.go:516.19,518.3 1 3
github.com/openconfig/ygot/ygen/genstate.go:533.124,538.71 1 383
github.com/openconfig/ygot/ygen/genstate.go:559.2,559.17 1 371
github.com/openconfig/ygot/ygen/genstate.go:538.71,539.29 1 98
github.com/openconfig/ygot/ygen/genstate.go:540.38,544.32 1 12
github.com/openconfig/ygot/ygen/genstate.go:548.4,549.18 2 11
github.com/openconfig/ygot/ygen/genstate.go:553.4,556.10 1 11
github.com/openconfig/ygot/ygen/genstate.go:544.32,546.5 1 1
github.com/openconfig/ygot/ygen/genstate.go:549.18,551.5 1 0
github.com/openconfig/ygot/ygen/genstate.go:567.101,568.25 1 26
github.com/openconfig/ygot/ygen/genstate.go:575.2,576.16 2 26
github.com/openconfig/ygot/ygen/genstate.go:580.2,581.14 2 26
github.com/openconfig/ygot/ygen/genstate.go:585.2,586.9 2 26
github.com/openconfig/ygot/ygen/genstate.go:590.2,590.20 1 26
github.com/openconfig/ygot/ygen/genstate.go:568.25,573.3 1 0
github.com/openconfig/ygot/ygen/genstate.go:576.16,578.3 1 0
github.com/openconfig/ygot/ygen/genstate.go:581.14,583.3 1 0
github.com/openconfig/ygot/ygen/genstate.go:586.9,588.3 1 0
github.com/openconfig/ygot/ygen/goelements.go:105.97,108.75 2 102
github.com/openconfig/ygot/ygen/goelements.go:129.2,130.30 2 102
github.com/openconfig/ygot/ygen/goelements.go:138.2,138.21 1 102
github.com/openconfig/ygot/ygen/goelements.go:108.75,111.3 1 8
github.com/openconfig/ygot/ygen/goelements.go:111.3,115.22 2 94
github.com/openconfig/ygot/ygen/goelements.go:115.22,120.110 1 367
github.com/openconfig/ygot/ygen/goelements.go:123.4,123.28 1 367
github.com/openconfig/ygot/ygen/goelements.go:120.110,122.5 1 290
github.com/openconfig/ygot/ygen/goelements.go:130.30,133.15 3 298
github.com/openconfig/ygot/ygen/goelements.go:133.15,135.4 1 197
github.com/openconfig/ygot/ygen/goelements.go:146.90,154.2 3 75
github.com/openconfig/ygot/ygen/goelements.go:160.71,161.6 1 545
github.com/openconfig/ygot/ygen/goelements.go:161.6,162.51 1 553
github.com/openconfig/ygot/ygen/goelements.go:166.3,166.34 1 8
github.com/openconfig/ygot/ygen/goelements.go:162.51,165.4 2 545
github.com/openconfig/ygot/ygen/goelements.go:173.47,174.46 1 471
github.com/openconfig/ygot/ygen/goelements.go:177.2,177.31 1 464
github.com/openconfig/ygot/ygen/goelements.go:174.46,176.3 1 7
github.com/openconfig/ygot/ygen/goelements.go:184.62,195.25 4 706
github.com/openconfig/ygot/ygen/goelements.go:203.2,203.17 1 706
github.com/openconfig/ygot/ygen/goelements.go:195.25,196.99 1 15
github.com/openconfig/ygot/ygen/goelements.go:199.3,201.8 3 15
github.com/openconfig/ygot/ygen/goelements.go:196.99,197.12 1 0
github.com/openconfig/ygot/ygen/goelements.go:211.89,214.36 3 73
github.com/openconfig/ygot/ygen/goelements.go:224.2,224.29 1 73
github.com/openconfig/ygot/ygen/goelements.go:214.36,218.28 1 151
github.com/openconfig/ygot/ygen/goelements.go:218.28,220.4 1 4
github.com/openconfig/ygot/ygen/goelements.go:220.4,222.4 1 147
github.com/openconfig/ygot/ygen/goelements.go:315.93,318.22 1 115
github.com/openconfig/ygot/ygen/goelements.go:324.2,335.35 2 42
github.com/openconfig/ygot/ygen/goelements.go:343.2,343.36 1 42
github.com/openconfig/ygot/ygen/goelements.go:351.2,356.46 3 42
github.com/openconfig/ygot/ygen/goelements.go:425.2,425.29 1 42
github.com/openconfig/ygot/ygen/goelements.go:318.22,320.3 1 73
github.com/openconfig/ygot/ygen/goelements.go:335.35,336.35 1 40
github.com/openconfig/ygot/ygen/goelements.go:336.35,338.4 1 21
github.com/openconfig/ygot/ygen/goelements.go:343.36,344.29 1 85
github.com/openconfig/ygot/ygen/goelements.go:344.29,346.4 1 64
github.com/openconfig/ygot/ygen/goelements.go:356.46,357.10 1 85
github.com/openconfig/ygot/ygen/goelements.go:360.40,365.64 1 43
github.com/openconfig/ygot/ygen/goelements.go:390.33,402.11 2 25
github.com/openconfig/ygot/ygen/goelements.go:417.11,420.68 1 17
github.com/openconfig/ygot/ygen/goelements.go:365.64,369.41 1 86
github.com/openconfig/ygot/ygen/goelements.go:369.41,375.42 1 50
github.com/openconfig/ygot/ygen/goelements.go:375.42,377.7 1 0
github.com/openconfig/ygot/ygen/goelements.go:377.7,379.7 1 50
github.com/openconfig/ygot/ygen/goelements.go:380.6,383.42 1 36
github.com/openconfig/ygot/ygen/goelements.go:383.42,385.7 1 0
github.com/openconfig/ygot/ygen/goelements.go:385.7,387.7 1 36
github.com/openconfig/ygot/ygen/goelements.go:405.64,406.88 1 11
github.com/openconfig/ygot/ygen/goelements.go:410.42,411.72 1 1
github.com/openconfig/ygot/ygen/goelements.go:412.12,415.86 1 13
github.com/openconfig/ygot/ygen/goelements.go:420.68,422.5 1 3
github.com/openconfig/ygot/ygen/goelements.go:433.90,436.24 3 5
github.com/openconfig/ygot/ygen/goelements.go:439.2,439.13 1 5
github.com/openconfig/ygot/ygen/goelements.go:436.24,438.3 1 7
github.com/openconfig/ygot/ygen/goelements.go:445.91,446.24 1 267
github.com/openconfig/ygot/ygen/goelements.go:450.2,451.13 2 36
github.com/openconfig/ygot/ygen/goelements.go:446.24,449.3 2 231
github.com/openconfig/ygot/ygen/goelements.go:460.102,463.16 2 217
github.com/openconfig/ygot/ygen/goelements.go:469.2,469.18 1 216
github.com/openconfig/ygot/ygen/goelements.go:476.2,476.28 1 211
github.com/openconfig/ygot/ygen/goelements.go:463.16,467.3 1 1
github.com/openconfig/ygot/ygen/goelements.go:469.18,473.3 1 5
github.com/openconfig/ygot/ygen/goelements.go:477.18,478.46 1 7
github.com/openconfig/ygot/ygen/goelements.go:479.19,480.47 1 1
github.com/openconfig/ygot/ygen/goelements.go:481.19,482.47 1 2
github.com/openconfig/ygot/ygen/goelements.go:483.19,484.47 1 1
github.com/openconfig/ygot/ygen/goelements.go:485.19,486.47 1 1
github.com/openconfig/ygot/ygen/goelements.go:487.20,488.48 1 1
github.com/openconfig/ygot/ygen/goelements.go:489.20,490.48 1 22
github.com/openconfig/ygot/ygen/goelements.go:491.20,492.48 1 3
github.com/openconfig/ygot/ygen/goelements.go:493.18,494.46 1 1
github.com/openconfig/ygot/ygen/goelements.go:495.19,498.46 1 1
github.com/openconfig/ygot/ygen/goelements.go:499.20,500.48 1 88
github.com/openconfig/ygot/ygen/goelements.go:501.19,504.46 1 28
github.com/openconfig/ygot/ygen/goelements.go:505.18,509.31 1 24
github.com/openconfig/ygot/ygen/goelements.go:512.3,515.9 1 21
github.com/openconfig/ygot/ygen/goelements.go:516.25,520.31 1 7
github.com/openconfig/ygot/ygen/goelements.go:523.3,526.9 1 6
github.com/openconfig/ygot/ygen/goelements.go:527.23,528.49 1 0
github.com/openconfig/ygot/ygen/goelements.go:529.21,533.17 2 17
github.com/openconfig/ygot/ygen/goelements.go:536.3,536.107 1 17
github.com/openconfig/ygot/ygen/goelements.go:537.20,541.59 1 5
github.com/openconfig/ygot/ygen/goelements.go:542.10,547.53 1 2
github.com/openconfig/ygot/ygen/goelements.go:509.31,511.4 1 3
github.com/openconfig/ygot/ygen/goelements.go:520.31,522.4 1 1
github.com/openconfig/ygot/ygen/goelements.go:533.17,535.4 1 0
github.com/openconfig/ygot/ygen/goelements.go:581.97,589.45 3 28
github.com/openconfig/ygot/ygen/goelements.go:593.2,593.17 1 28
github.com/openconfig/ygot/ygen/goelements.go:597.2,598.26 2 27
github.com/openconfig/ygot/ygen/goelements.go:604.2,607.8 1 27
github.com/openconfig/ygot/ygen/goelements.go:589.45,591.3 1 56
github.com/openconfig/ygot/ygen/goelements.go:593.17,595.3 1 1
github.com/openconfig/ygot/ygen/goelements.go:598.26,599.38 1 13
github.com/openconfig/ygot/ygen/goelements.go:599.38,601.4 1 13
github.com/openconfig/ygot/ygen/goelements.go:617.136,621.25 2 74
github.com/openconfig/ygot/ygen/goelements.go:628.2,629.22 2 67
github.com/openconfig/ygot/ygen/goelements.go:651.2,651.50 1 65
github.com/openconfig/ygot/ygen/goelements.go:654.2,654.13 1 65
github.com/openconfig/ygot/ygen/goelements.go:621.25,622.35 1 7
github.com/openconfig/ygot/ygen/goelements.go:625.3,625.14 1 7
github.com/openconfig/ygot/ygen/goelements.go:622.35,624.4 1 13
github.com/openconfig/ygot/ygen/goelements.go:630.25,637.4 1 8
github.com/openconfig/ygot/ygen/goelements.go:638.10,641.17 3 59
github.com/openconfig/ygot/ygen/goelements.go:641.17,644.4 2 2
github.com/openconfig/ygot/ygen/goelements.go:651.50,653.3 1 51
github.com/openconfig/ygot/ygen/goelements.go:664.95,665.17 1 36
github.com/openconfig/ygot/ygen/goelements.go:669.2,669.17 1 35
github.com/openconfig/ygot/ygen/goelements.go:680.2,686.25 4 33
github.com/openconfig/ygot/ygen/goelements.go:745.2,745.23 1 29
github.com/openconfig/ygot/ygen/goelements.go:665.17,667.3 1 1
github.com/openconfig/ygot/ygen/goelements.go:669.17,671.18 1 2
github.com/openconfig/ygot/ygen/goelements.go:677.3,677.18 1 2
github.com/openconfig/ygot/ygen/goelements.go:671.18,673.4 1 0
github.com/openconfig/ygot/ygen/goelements.go:686.25,691.10 2 38
github.com/openconfig/ygot/ygen/goelements.go:695.3,695.26 1 37
github.com/openconfig/ygot/ygen/goelements.go:737.3,739.17 3 34
github.com/openconfig/ygot/ygen/goelements.go:742.3,742.40 1 34
github.com/openconfig/ygot/ygen/goelements.go:691.10,693.4 1 1
github.com/openconfig/ygot/ygen/goelements.go:695.26,696.29 1 37
github.com/openconfig/ygot/ygen/goelements.go:697.23,705.24 1 30
github.com/openconfig/ygot/ygen/goelements.go:705.24,710.27 2 20
github.com/openconfig/ygot/ygen/goelements.go:718.6,720.13 3 19
github.com/openconfig/ygot/ygen/goelements.go:726.6,727.41 2 18
github.com/openconfig/ygot/ygen/goelements.go:732.6,732.33 1 17
github.com/openconfig/ygot/ygen/goelements.go:710.27,712.7 1 1
github.com/openconfig/ygot/ygen/goelements.go:720.13,725.7 1 1
github.com/openconfig/ygot/ygen/goelements.go:727.41,731.7 1 1
github.com/openconfig/ygot/ygen/goelements.go:739.17,741.4 1 0
github.com/openconfig/ygot/ygen/protoelements.go:33.124,36.16 2 94
github.com/openconfig/ygot/ygen/protoelements.go:39.2,39.18 1 94
github.com/openconfig/ygot/ygen/protoelements.go:45.2,45.28 1 90
github.com/openconfig/ygot/ygen/protoelements.go:36.16,38.3 1 0
github.com/openconfig/ygot/ygen/protoelements.go:39.18,43.3 1 4
github.com/openconfig/ygot/ygen/protoelements.go:46.57,47.59 1 8
github.com/openconfig/ygot/ygen/protoelements.go:48.61,49.60 1 7
github.com/openconfig/ygot/ygen/protoelements.go:50.31,51.60 1 5
github.com/openconfig/ygot/ygen/protoelements.go:52.20,53.62 1 34
github.com/openconfig/ygot/ygen/protoelements.go:54.23,55.65 1 1
github.com/openconfig/ygot/ygen/protoelements.go:56.21,60.17 2 0
github.com/openconfig/ygot/ygen/protoelements.go:63.3,63.127 1 0
github.com/openconfig/ygot/ygen/protoelements.go:64.18,69.31 1 14
github.com/openconfig/ygot/ygen/protoelements.go:72.3,75.9 1 13
github.com/openconfig/ygot/ygen/protoelements.go:76.25,79.31 1 5
github.com/openconfig/ygot/ygen/protoelements.go:82.3,85.9 1 5
github.com/openconfig/ygot/ygen/protoelements.go:86.19,87.66 1 14
github.com/openconfig/ygot/ygen/protoelements.go:88.10,95.71 1 2
github.com/openconfig/ygot/ygen/protoelements.go:60.17,62.4 1 0
github.com/openconfig/ygot/ygen/protoelements.go:69.31,71.4 1 1
github.com/openconfig/ygot/ygen/protoelements.go:79.31,81.4 1 0
github.com/openconfig/ygot/ygen/protoelements.go:102.130,105.16 2 72
github.com/openconfig/ygot/ygen/protoelements.go:108.2,108.18 1 72
github.com/openconfig/ygot/ygen/protoelements.go:113.2,113.28 1 70
github.com/openconfig/ygot/ygen/protoelements.go:105.16,107.3 1 0
github.com/openconfig/ygot/ygen/protoelements.go:108.18,112.3 1 2
github.com/openconfig/ygot/ygen/protoelements.go:114.57,115.48 1 4
github.com/openconfig/ygot/ygen/protoelements.go:116.61,117.48 1 10
github.com/openconfig/ygot/ygen/protoelements.go:118.31,119.46 1 2
github.com/openconfig/ygot/ygen/protoelements.go:120.20,121.48 1 29
github.com/openconfig/ygot/ygen/protoelements.go:122.23,125.65 1 1
github.com/openconfig/ygot/ygen/protoelements.go:126.21,128.17 2 4
github.com/openconfig/ygot/ygen/protoelements.go:131.3,131.133 1 4
github.com/openconfig/ygot/ygen/protoelements.go:132.18,137.31 1 10
github.com/openconfig/ygot/ygen/protoelements.go:140.3,143.9 1 9
github.com/openconfig/ygot/ygen/protoelements.go:144.25,145.31 1 1
github.com/openconfig/ygot/ygen/protoelements.go:148.3,151.9 1 1
github.com/openconfig/ygot/ygen/protoelements.go:152.19,153.66 1 4
github.com/openconfig/ygot/ygen/protoelements.go:154.10,158.92 1 5
github.com/openconfig/ygot/ygen/protoelements.go:128.17,130.4 1 0
github.com/openconfig/ygot/ygen/protoelements.go:137.31,139.4 1 1
github.com/openconfig/ygot/ygen/protoelements.go:145.31,147.4 1 0
github.com/openconfig/ygot/ygen/protoelements.go:182.119,184.127 2 18
github.com/openconfig/ygot/ygen/protoelements.go:189.2,189.26 1 17
github.com/openconfig/ygot/ygen/protoelements.go:204.2,205.28 2 14
github.com/openconfig/ygot/ygen/protoelements.go:209.2,211.25 3 14
github.com/openconfig/ygot/ygen/protoelements.go:215.2,217.8 1 14
github.com/openconfig/ygot/ygen/protoelements.go:184.127,186.3 1 1
github.com/openconfig/ygot/ygen/protoelements.go:189.26,190.32 1 3
github.com/openconfig/ygot/ygen/protoelements.go:190.32,195.18 2 3
github.com/openconfig/ygot/ygen/protoelements.go:198.4,198.17 1 3
github.com/openconfig/ygot/ygen/protoelements.go:195.18,197.5 1 0
github.com/openconfig/ygot/ygen/protoelements.go:205.28,207.3 1 28
github.com/openconfig/ygot/ygen/protoelements.go:211.25,213.3 1 28
github.com/openconfig/ygot/ygen/protoelements.go:225.169,227.26 2 55
github.com/openconfig/ygot/ygen/protoelements.go:234.2,235.22 2 37
github.com/openconfig/ygot/ygen/protoelements.go:250.2,250.50 1 34
github.com/openconfig/ygot/ygen/protoelements.go:254.2,254.13 1 34
github.com/openconfig/ygot/ygen/protoelements.go:227.26,228.35 1 18
github.com/openconfig/ygot/ygen/protoelements.go:231.3,231.14 1 18
github.com/openconfig/ygot/ygen/protoelements.go:228.35,230.4 1 37
github.com/openconfig/ygot/ygen/protoelements.go:236.25,239.156 1 2
github.com/openconfig/ygot/ygen/protoelements.go:240.10,243.17 3 35
github.com/openconfig/ygot/ygen/protoelements.go:243.17,245.4 1 3
github.com/openconfig/ygot/ygen/protoelements.go:250.50,252.3 1 31
github.com/openconfig/ygot/ygen/protoelements.go:260.75,262.51 1 46
github.com/openconfig/ygot/ygen/protoelements.go:266.2,267.46 2 44
github.com/openconfig/ygot/ygen/protoelements.go:271.2,277.10 4 44
github.com/openconfig/ygot/ygen/protoelements.go:262.51,264.3 1 2
github.com/openconfig/ygot/ygen/protoelements.go:267.46,269.3 1 30
github.com/openconfig/ygot/ygen/protoelements.go:288.78,292.70 2 135
github.com/openconfig/ygot/ygen/protoelements.go:297.2,297.57 1 135
github.com/openconfig/ygot/ygen/protoelements.go:301.2,302.44 2 55
github.com/openconfig/ygot/ygen/protoelements.go:313.2,313.41 1 55
github.com/openconfig/ygot/ygen/protoelements.go:319.2,326.10 4 55
github.com/openconfig/ygot/ygen/protoelements.go:292.70,294.3 1 8
github.com/openconfig/ygot/ygen/protoelements.go:297.57,299.3 1 80
github.com/openconfig/ygot/ygen/protoelements.go:302.44,303.93 1 114
github.com/openconfig/ygot/ygen/protoelements.go:309.3,309.57 1 90
github.com/openconfig/ygot/ygen/protoelements.go:303.93,307.12 1 24
github.com/openconfig/ygot/ygen/protoelements.go:313.41,315.3 1 30
github.com/openconfig/ygot/ygen/protogen.go:240.57,241.25 1 27
github.com/openconfig/ygot/ygen/protogen.go:247.2,250.65 3 27
github.com/openconfig/ygot/ygen/protogen.go:254.2,254.24 1 27
github.com/openconfig/ygot/ygen/protogen.go:241.25,243.3 1 0
github.com/openconfig/ygot/ygen/protogen.go:250.65,252.3 1 0
github.com/openconfig/ygot/ygen/protogen.go:282.145,284.17 2 50
github.com/openconfig/ygot/ygen/protogen.go:288.2,288.29 1 50
github.com/openconfig/ygot/ygen/protogen.go:297.2,301.33 4 50
github.com/openconfig/ygot/ygen/protogen.go:308.2,312.8 1 50
github.com/openconfig/ygot/ygen/protogen.go:284.17,286.3 1 0
github.com/openconfig/ygot/ygen/protogen.go:288.29,292.3 1 0
github.com/openconfig/ygot/ygen/protogen.go:301.33,302.67 1 62
github.com/openconfig/ygot/ygen/protogen.go:305.3,305.38 1 62
github.com/openconfig/ygot/ygen/protogen.go:302.67,304.4 1 0
github.com/openconfig/ygot/ygen/protogen.go:322.130,342.31 7 57
github.com/openconfig/ygot/ygen/protogen.go:345.2,348.28 3 57
github.com/openconfig/ygot/ygen/protogen.go:351.2,351.30 1 57
github.com/openconfig/ygot/ygen/protogen.go:474.2,476.38 2 57
github.com/openconfig/ygot/ygen/protogen.go:342.31,344.3 1 115
github.com/openconfig/ygot/ygen/protogen.go:348.28,350.3 1 7
github.com/openconfig/ygot/ygen/protogen.go:351.30,353.36 1 115
github.com/openconfig/ygot/ygen/protogen.go:357.3,364.17 4 107
github.com/openconfig/ygot/ygen/protogen.go:368.3,370.10 2 107
github.com/openconfig/ygot/ygen/protogen.go:458.3,458.30 1 106
github.com/openconfig/ygot/ygen/protogen.go:467.3,467.17 1 106
github.com/openconfig/ygot/ygen/protogen.go:471.3,471.50 1 105
github.com/openconfig/ygot/ygen/protogen.go:353.36,354.12 1 8
github.com/openconfig/ygot/ygen/protogen.go:364.17,366.12 2 0
github.com/openconfig/ygot/ygen/protogen.go:371.23,382.18 2 12
github.com/openconfig/ygot/ygen/protogen.go:387.4,387.21 1 12
github.com/openconfig/ygot/ygen/protogen.go:390.4,392.30 2 12
github.com/openconfig/ygot/ygen/protogen.go:393.28,395.11 2 22
github.com/openconfig/ygot/ygen/protogen.go:410.45,419.18 2 70
github.com/openconfig/ygot/ygen/protogen.go:424.4,428.30 2 69
github.com/openconfig/ygot/ygen/protogen.go:434.4,434.23 1 69
github.com/openconfig/ygot/ygen/protogen.go:439.4,439.28 1 69
github.com/openconfig/ygot/ygen/protogen.go:444.4,444.20 1 69
github.com/openconfig/ygot/ygen/protogen.go:448.4,448.29 1 69
github.com/openconfig/ygot/ygen/protogen.go:451.25,453.35 2 3
github.com/openconfig/ygot/ygen/protogen.go:454.11,455.95 1 0
github.com/openconfig/ygot/ygen/protogen.go:382.18,384.13 2 0
github.com/openconfig/ygot/ygen/protogen.go:387.21,389.5 1 11
github.com/openconfig/ygot/ygen/protogen.go:395.11,397.5 1 1
github.com/openconfig/ygot/ygen/protogen.go:397.5,405.41 3 21
github.com/openconfig/ygot/ygen/protogen.go:408.5,408.90 1 21
github.com/openconfig/ygot/ygen/protogen.go:405.41,407.6 1 14
github.com/openconfig/ygot/ygen/protogen.go:419.18,421.13 2 1
github.com/openconfig/ygot/ygen/protogen.go:428.30,430.5 1 16
github.com/openconfig/ygot/ygen/protogen.go:434.23,437.5 2 9
github.com/openconfig/ygot/ygen/protogen.go:439.28,441.5 1 1
github.com/openconfig/ygot/ygen/protogen.go:444.20,446.5 1 8
github.com/openconfig/ygot/ygen/protogen.go:448.29,450.5 1 6
github.com/openconfig/ygot/ygen/protogen.go:458.30,460.18 2 6
github.com/openconfig/ygot/ygen/protogen.go:464.4,464.50 1 6
github.com/openconfig/ygot/ygen/protogen.go:460.18,462.13 2 0
github.com/openconfig/ygot/ygen/protogen.go:467.17,469.12 2 1
github.com/openconfig/ygot/ygen/protogen.go:497.70,500.29 3 11
github.com/openconfig/ygot/ygen/protogen.go:568.2,568.20 1 11
github.com/openconfig/ygot/ygen/protogen.go:571.2,571.22 1 11
github.com/openconfig/ygot/ygen/protogen.go:500.29,501.86 1 13
github.com/openconfig/ygot/ygen/protogen.go:507.3,508.10 2 8
github.com/openconfig/ygot/ygen/protogen.go:560.3,561.63 2 8
github.com/openconfig/ygot/ygen/protogen.go:565.3,565.42 1 8
github.com/openconfig/ygot/ygen/protogen.go:501.86,503.12 1 5
github.com/openconfig/ygot/ygen/protogen.go:509.38,519.58 3 3
github.com/openconfig/ygot/ygen/protogen.go:522.4,524.28 2 3
github.com/openconfig/ygot/ygen/protogen.go:527.4,529.86 3 3
github.com/openconfig/ygot/ygen/protogen.go:530.43,532.18 2 5
github.com/openconfig/ygot/ygen/protogen.go:536.4,541.57 3 5
github.com/openconfig/ygot/ygen/protogen.go:552.4,552.80 1 5
github.com/openconfig/ygot/ygen/protogen.go:553.39,555.12 2 0
github.com/openconfig/ygot/ygen/protogen.go:556.11,557.150 1 0
github.com/openconfig/ygot/ygen/protogen.go:519.58,521.5 1 5
github.com/openconfig/ygot/ygen/protogen.go:524.28,526.5 1 5
github.com/openconfig/ygot/ygen/protogen.go:532.18,534.13 2 0
github.com/openconfig/ygot/ygen/protogen.go:541.57,543.11 2 4
github.com/openconfig/ygot/ygen/protogen.go:543.11,545.27 2 4
github.com/openconfig/ygot/ygen/protogen.go:548.6,548.43 1 4
github.com/openconfig/ygot/ygen/protogen.go:545.27,547.7 1 11
github.com/openconfig/ygot/ygen/protogen.go:561.63,563.12 2 0
github.com/openconfig/ygot/ygen/protogen.go:568.20,570.3 1 0
github.com/openconfig/ygot/ygen/protogen.go:577.61,581.40 4 25
github.com/openconfig/ygot/ygen/protogen.go:588.2,588.23 1 25
github.com/openconfig/ygot/ygen/protogen.go:602.2,602.41 1 25
github.com/openconfig/ygot/ygen/protogen.go:581.40,582.29 1 2
github.com/openconfig/ygot/ygen/protogen.go:585.3,585.14 1 2
github.com/openconfig/ygot/ygen/protogen.go:582.29,584.4 1 0
github.com/openconfig/ygot/ygen/protogen.go:588.23,589.32 1 62
github.com/openconfig/ygot/ygen/protogen.go:596.3,596.64 1 60
github.com/openconfig/ygot/ygen/protogen.go:589.32,592.12 1 2
github.com/openconfig/ygot/ygen/protogen.go:608.79,610.9 2 12
github.com/openconfig/ygot/ygen/protogen.go:614.2,615.9 2 12
github.com/openconfig/ygot/ygen/protogen.go:619.2,623.33 4 12
github.com/openconfig/ygot/ygen/protogen.go:648.2,648.35 1 12
github.com/openconfig/ygot/ygen/protogen.go:610.9,612.3 1 0
github.com/openconfig/ygot/ygen/protogen.go:615.9,617.3 1 0
github.com/openconfig/ygot/ygen/protogen.go:623.33,627.3 1 1
github.com/openconfig/ygot/ygen/protogen.go:627.3,641.17 3 11
github.com/openconfig/ygot/ygen/protogen.go:646.3,646.30 1 11
github.com/openconfig/ygot/ygen/protogen.go:641.17,643.4 1 0
github.com/openconfig/ygot/ygen/protogen.go:663.96,665.16 2 70
github.com/openconfig/ygot/ygen/protogen.go:669.2,674.9 2 69
github.com/openconfig/ygot/ygen/protogen.go:710.2,710.15 1 69
github.com/openconfig/ygot/ygen/protogen.go:665.16,667.3 1 1
github.com/openconfig/ygot/ygen/protogen.go:675.48,679.17 2 12
github.com/openconfig/ygot/ygen/protogen.go:683.3,685.27 3 12
github.com/openconfig/ygot/ygen/protogen.go:686.35,687.22 1 6
github.com/openconfig/ygot/ygen/protogen.go:688.70,690.17 2 10
github.com/openconfig/ygot/ygen/protogen.go:695.3,695.29 1 10
github.com/openconfig/ygot/ygen/protogen.go:699.3,704.27 3 10
github.com/openconfig/ygot/ygen/protogen.go:679.17,681.4 1 0
github.com/openconfig/ygot/ygen/protogen.go:690.17,692.4 1 0
github.com/openconfig/ygot/ygen/protogen.go:695.29,697.4 1 4
github.com/openconfig/ygot/ygen/protogen.go:704.27,707.4 2 1
github.com/openconfig/ygot/ygen/protogen.go:715.50,730.2 2 299
github.com/openconfig/ygot/ygen/protogen.go:733.54,735.2 1 107
github.com/openconfig/ygot/ygen/protogen.go:740.41,742.46 2 139
github.com/openconfig/ygot/ygen/protogen.go:746.2,747.57 2 139
github.com/openconfig/ygot/ygen/protogen.go:750.2,750.15 1 139
github.com/openconfig/ygot/ygen/protogen.go:742.46,744.3 1 0
github.com/openconfig/ygot/ygen/protogen.go:747.57,749.3 1 0
github.com/openconfig/ygot/ygen/protogen.go:757.104,768.55 5 11
github.com/openconfig/ygot/ygen/protogen.go:840.2,846.16 2 11
github.com/openconfig/ygot/ygen/protogen.go:768.55,770.10 2 12
github.com/openconfig/ygot/ygen/protogen.go:774.3,775.17 2 12
github.com/openconfig/ygot/ygen/protogen.go:779.3,781.10 3 12
github.com/openconfig/ygot/ygen/protogen.go:801.3,805.10 2 12
github.com/openconfig/ygot/ygen/protogen.go:828.3,828.31 1 12
github.com/openconfig/ygot/ygen/protogen.go:836.3,837.9 2 12
github.com/openconfig/ygot/ygen/protogen.go:770.10,772.4 1 0
github.com/openconfig/ygot/ygen/protogen.go:775.17,777.4 1 0
github.com/openconfig/ygot/ygen/protogen.go:782.38,784.18 2 4
github.com/openconfig/ygot/ygen/protogen.go:788.4,788.44 1 4
github.com/openconfig/ygot/ygen/protogen.go:792.4,792.32 1 4
github.com/openconfig/ygot/ygen/protogen.go:795.41,796.18 1 0
github.com/openconfig/ygot/ygen/protogen.go:797.61,798.19 1 1
github.com/openconfig/ygot/ygen/protogen.go:784.18,786.5 1 0
github.com/openconfig/ygot/ygen/protogen.go:788.44,790.5 1 2
github.com/openconfig/ygot/ygen/protogen.go:792.32,794.5 1 1
github.com/openconfig/ygot/ygen/protogen.go:806.25,808.18 2 2
github.com/openconfig/ygot/ygen/protogen.go:811.4,813.23 3 2
github.com/openconfig/ygot/ygen/protogen.go:814.26,817.18 3 2
github.com/openconfig/ygot/ygen/protogen.go:820.4,821.30 2 2
github.com/openconfig/ygot/ygen/protogen.go:824.11,825.35 1 8
github.com/openconfig/ygot/ygen/protogen.go:808.18,810.5 1 0
github.com/openconfig/ygot/ygen/protogen.go:817.18,819.5 1 0
github.com/openconfig/ygot/ygen/protogen.go:821.30,823.5 1 1
github.com/openconfig/ygot/ygen/protogen.go:828.31,830.18 2 1
github.com/openconfig/ygot/ygen/protogen.go:833.4,833.38 1 1
github.com/openconfig/ygot/ygen/protogen.go:830.18,832.5 1 0
github.com/openconfig/ygot/ygen/protogen.go:851.99,853.26 2 16
github.com/openconfig/ygot/ygen/protogen.go:867.2,867.19 1 16
github.com/openconfig/ygot/ygen/protogen.go:853.26,854.33 1 30
github.com/openconfig/ygot/ygen/protogen.go:854.33,860.18 3 6
github.com/openconfig/ygot/ygen/protogen.go:863.4,863.19 1 6
github.com/openconfig/ygot/ygen/protogen.go:860.18,862.5 1 0
github.com/openconfig/ygot/ygen/protogen.go:882.102,884.16 2 16
github.com/openconfig/ygot/ygen/protogen.go:888.2,889.35 2 16
github.com/openconfig/ygot/ygen/protogen.go:892.2,896.30 4 16
github.com/openconfig/ygot/ygen/protogen.go:922.2,922.20 1 16
github.com/openconfig/ygot/ygen/protogen.go:938.2,942.8 1 14
github.com/openconfig/ygot/ygen/protogen.go:884.16,886.3 1 0
github.com/openconfig/ygot/ygen/protogen.go:889.35,891.3 1 32
github.com/openconfig/ygot/ygen/protogen.go:896.30,902.18 2 32
github.com/openconfig/ygot/ygen/protogen.go:905.3,911.17 3 32
github.com/openconfig/ygot/ygen/protogen.go:914.3,919.26 2 32
github.com/openconfig/ygot/ygen/protogen.go:902.18,904.4 1 3
github.com/openconfig/ygot/ygen/protogen.go:911.17,913.4 1 0
github.com/openconfig/ygot/ygen/protogen.go:922.20,936.3 2 2
github.com/openconfig/ygot/ygen/protogen.go:951.50,954.2 2 25
github.com/openconfig/ygot/ygen/protogen.go:958.113,961.16 2 7
github.com/openconfig/ygot/ygen/protogen.go:964.2,966.26 3 7
github.com/openconfig/ygot/ygen/protogen.go:972.2,973.80 2 7
github.com/openconfig/ygot/ygen/protogen.go:961.16,963.3 1 0
github.com/openconfig/ygot/ygen/protogen.go:966.26,968.24 2 7
github.com/openconfig/ygot/ygen/protogen.go:968.24,970.4 1 0
